<?xml version="1.0" encoding="UTF-8"?>
<testsuite xmlns:xsi="http://www.w3.org/2001/XMLSchema-instance" xsi:noNamespaceSchemaLocation="https://maven.apache.org/surefire/maven-surefire-plugin/xsd/surefire-test-report.xsd" name="com.ysx.crm.service.CrmServiceApplicationTests" time="0.018" tests="1" errors="0" skipped="0" failures="0">
  <properties>
    <property name="sun.desktop" value="windows"/>
    <property name="awt.toolkit" value="sun.awt.windows.WToolkit"/>
    <property name="file.encoding.pkg" value="sun.io"/>
    <property name="java.specification.version" value="1.8"/>
    <property name="sun.cpu.isalist" value="amd64"/>
    <property name="sun.jnu.encoding" value="GBK"/>
    <property name="java.class.path" value="D:\data\ysx-cas\cas-core\target\test-classes;D:\data\ysx-cas\cas-core\target\classes;D:\mavenJar\com\ysx\cas-api\0.0.1-SNAPSHOT\cas-api-0.0.1-SNAPSHOT.jar;D:\mavenJar\com\alibaba\boot\dubbo-spring-boot-starter\0.2.0\dubbo-spring-boot-starter-0.2.0.jar;D:\mavenJar\com\alibaba\dubbo\2.6.2\dubbo-2.6.2.jar;D:\mavenJar\org\springframework\spring-context\5.2.2.RELEASE\spring-context-5.2.2.RELEASE.jar;D:\mavenJar\org\springframework\spring-beans\5.2.2.RELEASE\spring-beans-5.2.2.RELEASE.jar;D:\mavenJar\org\springframework\spring-expression\5.2.2.RELEASE\spring-expression-5.2.2.RELEASE.jar;D:\mavenJar\org\javassist\javassist\3.20.0-GA\javassist-3.20.0-GA.jar;D:\mavenJar\org\jboss\netty\netty\3.2.5.Final\netty-3.2.5.Final.jar;D:\mavenJar\org\apache\zookeeper\zookeeper\3.4.9\zookeeper-3.4.9.jar;D:\mavenJar\jline\jline\0.9.94\jline-0.9.94.jar;D:\mavenJar\io\netty\netty\3.10.5.Final\netty-3.10.5.Final.jar;D:\mavenJar\org\apache\curator\curator-framework\2.12.0\curator-framework-2.12.0.jar;D:\mavenJar\org\apache\curator\curator-client\2.12.0\curator-client-2.12.0.jar;D:\mavenJar\com\google\guava\guava\16.0.1\guava-16.0.1.jar;D:\mavenJar\com\alibaba\boot\dubbo-spring-boot-autoconfigure\0.2.0\dubbo-spring-boot-autoconfigure-0.2.0.jar;D:\mavenJar\com\alibaba\easyexcel\2.1.6\easyexcel-2.1.6.jar;D:\mavenJar\org\apache\poi\poi\3.17\poi-3.17.jar;D:\mavenJar\commons-codec\commons-codec\1.13\commons-codec-1.13.jar;D:\mavenJar\org\apache\commons\commons-collections4\4.1\commons-collections4-4.1.jar;D:\mavenJar\org\apache\poi\poi-ooxml\3.17\poi-ooxml-3.17.jar;D:\mavenJar\org\apache\poi\poi-ooxml-schemas\3.17\poi-ooxml-schemas-3.17.jar;D:\mavenJar\org\apache\xmlbeans\xmlbeans\2.6.0\xmlbeans-2.6.0.jar;D:\mavenJar\stax\stax-api\1.0.1\stax-api-1.0.1.jar;D:\mavenJar\com\github\virtuald\curvesapi\1.04\curvesapi-1.04.jar;D:\mavenJar\cglib\cglib\3.1\cglib-3.1.jar;D:\mavenJar\org\ow2\asm\asm\4.2\asm-4.2.jar;D:\mavenJar\org\slf4j\slf4j-api\1.7.29\slf4j-api-1.7.29.jar;D:\mavenJar\org\ehcache\ehcache\3.8.1\ehcache-3.8.1.jar;D:\mavenJar\org\glassfish\jaxb\jaxb-runtime\2.3.2\jaxb-runtime-2.3.2.jar;D:\mavenJar\org\glassfish\jaxb\txw2\2.3.2\txw2-2.3.2.jar;D:\mavenJar\com\sun\istack\istack-commons-runtime\3.0.8\istack-commons-runtime-3.0.8.jar;D:\mavenJar\org\jvnet\staxex\stax-ex\1.8.1\stax-ex-1.8.1.jar;D:\mavenJar\com\sun\xml\fastinfoset\FastInfoset\1.2.16\FastInfoset-1.2.16.jar;D:\mavenJar\org\springframework\boot\spring-boot-starter-data-redis\2.2.3.RELEASE\spring-boot-starter-data-redis-2.2.3.RELEASE.jar;D:\mavenJar\org\springframework\data\spring-data-redis\2.2.3.RELEASE\spring-data-redis-2.2.3.RELEASE.jar;D:\mavenJar\org\springframework\data\spring-data-keyvalue\2.2.3.RELEASE\spring-data-keyvalue-2.2.3.RELEASE.jar;D:\mavenJar\org\springframework\data\spring-data-commons\2.2.3.RELEASE\spring-data-commons-2.2.3.RELEASE.jar;D:\mavenJar\org\springframework\spring-tx\5.2.2.RELEASE\spring-tx-5.2.2.RELEASE.jar;D:\mavenJar\org\springframework\spring-oxm\5.2.2.RELEASE\spring-oxm-5.2.2.RELEASE.jar;D:\mavenJar\org\springframework\spring-aop\5.2.2.RELEASE\spring-aop-5.2.2.RELEASE.jar;D:\mavenJar\org\springframework\spring-context-support\5.2.2.RELEASE\spring-context-support-5.2.2.RELEASE.jar;D:\mavenJar\io\lettuce\lettuce-core\5.2.1.RELEASE\lettuce-core-5.2.1.RELEASE.jar;D:\mavenJar\io\netty\netty-common\4.1.43.Final\netty-common-4.1.43.Final.jar;D:\mavenJar\io\netty\netty-handler\4.1.43.Final\netty-handler-4.1.43.Final.jar;D:\mavenJar\io\netty\netty-buffer\4.1.43.Final\netty-buffer-4.1.43.Final.jar;D:\mavenJar\io\netty\netty-codec\4.1.43.Final\netty-codec-4.1.43.Final.jar;D:\mavenJar\io\netty\netty-transport\4.1.43.Final\netty-transport-4.1.43.Final.jar;D:\mavenJar\io\netty\netty-resolver\4.1.43.Final\netty-resolver-4.1.43.Final.jar;D:\mavenJar\io\projectreactor\reactor-core\3.3.1.RELEASE\reactor-core-3.3.1.RELEASE.jar;D:\mavenJar\org\reactivestreams\reactive-streams\1.0.3\reactive-streams-1.0.3.jar;D:\mavenJar\com\squareup\okhttp3\okhttp\3.14.6\okhttp-3.14.6.jar;D:\mavenJar\com\squareup\okio\okio\1.17.2\okio-1.17.2.jar;D:\mavenJar\org\mybatis\spring\boot\mybatis-spring-boot-starter\2.1.1\mybatis-spring-boot-starter-2.1.1.jar;D:\mavenJar\org\springframework\boot\spring-boot-starter-jdbc\2.2.2.RELEASE\spring-boot-starter-jdbc-2.2.2.RELEASE.jar;D:\mavenJar\com\zaxxer\HikariCP\3.4.1\HikariCP-3.4.1.jar;D:\mavenJar\org\springframework\spring-jdbc\5.2.2.RELEASE\spring-jdbc-5.2.2.RELEASE.jar;D:\mavenJar\org\mybatis\spring\boot\mybatis-spring-boot-autoconfigure\2.1.1\mybatis-spring-boot-autoconfigure-2.1.1.jar;D:\mavenJar\org\mybatis\mybatis\3.5.3\mybatis-3.5.3.jar;D:\mavenJar\org\mybatis\mybatis-spring\2.0.3\mybatis-spring-2.0.3.jar;D:\mavenJar\mysql\mysql-connector-java\8.0.18\mysql-connector-java-8.0.18.jar;D:\mavenJar\com\google\protobuf\protobuf-java\3.6.1\protobuf-java-3.6.1.jar;D:\mavenJar\com\github\jsqlparser\jsqlparser\2.0\jsqlparser-2.0.jar;D:\mavenJar\org\projectlombok\lombok\1.18.10\lombok-1.18.10.jar;D:\mavenJar\org\apache\commons\commons-lang3\3.9\commons-lang3-3.9.jar;D:\mavenJar\org\springframework\boot\spring-boot-starter-test\2.2.2.RELEASE\spring-boot-starter-test-2.2.2.RELEASE.jar;D:\mavenJar\org\springframework\boot\spring-boot-test\2.2.2.RELEASE\spring-boot-test-2.2.2.RELEASE.jar;D:\mavenJar\org\springframework\boot\spring-boot-test-autoconfigure\2.2.2.RELEASE\spring-boot-test-autoconfigure-2.2.2.RELEASE.jar;D:\mavenJar\com\jayway\jsonpath\json-path\2.4.0\json-path-2.4.0.jar;D:\mavenJar\net\minidev\json-smart\2.3\json-smart-2.3.jar;D:\mavenJar\net\minidev\accessors-smart\1.2\accessors-smart-1.2.jar;D:\mavenJar\jakarta\xml\bind\jakarta.xml.bind-api\2.3.2\jakarta.xml.bind-api-2.3.2.jar;D:\mavenJar\jakarta\activation\jakarta.activation-api\1.2.1\jakarta.activation-api-1.2.1.jar;D:\mavenJar\org\junit\jupiter\junit-jupiter\5.5.2\junit-jupiter-5.5.2.jar;D:\mavenJar\org\junit\jupiter\junit-jupiter-api\5.5.2\junit-jupiter-api-5.5.2.jar;D:\mavenJar\org\apiguardian\apiguardian-api\1.1.0\apiguardian-api-1.1.0.jar;D:\mavenJar\org\opentest4j\opentest4j\1.2.0\opentest4j-1.2.0.jar;D:\mavenJar\org\junit\platform\junit-platform-commons\1.5.2\junit-platform-commons-1.5.2.jar;D:\mavenJar\org\junit\jupiter\junit-jupiter-params\5.5.2\junit-jupiter-params-5.5.2.jar;D:\mavenJar\org\junit\jupiter\junit-jupiter-engine\5.5.2\junit-jupiter-engine-5.5.2.jar;D:\mavenJar\org\junit\platform\junit-platform-engine\1.5.2\junit-platform-engine-1.5.2.jar;D:\mavenJar\org\mockito\mockito-junit-jupiter\3.1.0\mockito-junit-jupiter-3.1.0.jar;D:\mavenJar\org\assertj\assertj-core\3.13.2\assertj-core-3.13.2.jar;D:\mavenJar\org\hamcrest\hamcrest\2.1\hamcrest-2.1.jar;D:\mavenJar\org\mockito\mockito-core\3.1.0\mockito-core-3.1.0.jar;D:\mavenJar\net\bytebuddy\byte-buddy\1.10.4\byte-buddy-1.10.4.jar;D:\mavenJar\net\bytebuddy\byte-buddy-agent\1.10.4\byte-buddy-agent-1.10.4.jar;D:\mavenJar\org\objenesis\objenesis\2.6\objenesis-2.6.jar;D:\mavenJar\org\skyscreamer\jsonassert\1.5.0\jsonassert-1.5.0.jar;D:\mavenJar\com\vaadin\external\google\android-json\0.0.20131108.vaadin1\android-json-0.0.20131108.vaadin1.jar;D:\mavenJar\org\springframework\spring-core\5.2.2.RELEASE\spring-core-5.2.2.RELEASE.jar;D:\mavenJar\org\springframework\spring-jcl\5.2.2.RELEASE\spring-jcl-5.2.2.RELEASE.jar;D:\mavenJar\org\springframework\spring-test\5.2.2.RELEASE\spring-test-5.2.2.RELEASE.jar;D:\mavenJar\org\xmlunit\xmlunit-core\2.6.3\xmlunit-core-2.6.3.jar;D:\mavenJar\org\springframework\boot\spring-boot-starter\2.2.2.RELEASE\spring-boot-starter-2.2.2.RELEASE.jar;D:\mavenJar\org\springframework\boot\spring-boot\2.2.2.RELEASE\spring-boot-2.2.2.RELEASE.jar;D:\mavenJar\org\springframework\boot\spring-boot-autoconfigure\2.2.2.RELEASE\spring-boot-autoconfigure-2.2.2.RELEASE.jar;D:\mavenJar\org\springframework\boot\spring-boot-starter-logging\2.2.2.RELEASE\spring-boot-starter-logging-2.2.2.RELEASE.jar;D:\mavenJar\ch\qos\logback\logback-classic\1.2.3\logback-classic-1.2.3.jar;D:\mavenJar\ch\qos\logback\logback-core\1.2.3\logback-core-1.2.3.jar;D:\mavenJar\org\apache\logging\log4j\log4j-to-slf4j\2.12.1\log4j-to-slf4j-2.12.1.jar;D:\mavenJar\org\apache\logging\log4j\log4j-api\2.12.1\log4j-api-2.12.1.jar;D:\mavenJar\org\slf4j\jul-to-slf4j\1.7.29\jul-to-slf4j-1.7.29.jar;D:\mavenJar\jakarta\annotation\jakarta.annotation-api\1.3.5\jakarta.annotation-api-1.3.5.jar;D:\mavenJar\org\yaml\snakeyaml\1.25\snakeyaml-1.25.jar;D:\mavenJar\com\sso\sso-client\1.0-SNAPSHOT\sso-client-1.0-SNAPSHOT.jar;D:\mavenJar\com\sso\sso-core\1.0-SNAPSHOT\sso-core-1.0-SNAPSHOT.jar;D:\mavenJar\org\springframework\spring-webmvc\5.2.2.RELEASE\spring-webmvc-5.2.2.RELEASE.jar;D:\mavenJar\org\springframework\spring-web\5.2.2.RELEASE\spring-web-5.2.2.RELEASE.jar;D:\mavenJar\org\apache\tomcat\embed\tomcat-embed-core\9.0.29\tomcat-embed-core-9.0.29.jar;D:\mavenJar\org\apache\tomcat\tomcat-annotations-api\9.0.29\tomcat-annotations-api-9.0.29.jar;D:\mavenJar\redis\clients\jedis\3.1.0\jedis-3.1.0.jar;D:\mavenJar\org\apache\commons\commons-pool2\2.7.0\commons-pool2-2.7.0.jar;D:\mavenJar\com\alibaba\fastjson\1.2.61\fastjson-1.2.61.jar;D:\mavenJar\org\hibernate\validator\hibernate-validator\6.0.16.Final\hibernate-validator-6.0.16.Final.jar;D:\mavenJar\javax\validation\validation-api\2.0.1.Final\validation-api-2.0.1.Final.jar;D:\mavenJar\org\jboss\logging\jboss-logging\3.4.1.Final\jboss-logging-3.4.1.Final.jar;D:\mavenJar\com\fasterxml\classmate\1.5.1\classmate-1.5.1.jar;"/>
    <property name="java.vm.vendor" value="Oracle Corporation"/>
    <property name="sun.arch.data.model" value="64"/>
    <property name="user.variant" value=""/>
    <property name="java.vendor.url" value="http://java.oracle.com/"/>
    <property name="user.timezone" value="Asia/Shanghai"/>
    <property name="java.vm.specification.version" value="1.8"/>
    <property name="os.name" value="Windows 10"/>
    <property name="user.country" value="CN"/>
    <property name="sun.java.launcher" value="SUN_STANDARD"/>
    <property name="sun.boot.library.path" value="C:\Program Files\Java\jdk1.8.0_162\jre\bin"/>
    <property name="sun.java.command" value="C:\Users\59133\AppData\Local\Temp\surefire1327176261391776863\surefirebooter2784557504365022845.jar C:\Users\59133\AppData\Local\Temp\surefire1327176261391776863 2020-03-19T19-17-28_689-jvmRun1 surefire3655942426817070086tmp surefire_07203690314505203558tmp"/>
    <property name="surefire.test.class.path" value="D:\data\ysx-cas\cas-core\target\test-classes;D:\data\ysx-cas\cas-core\target\classes;D:\mavenJar\com\ysx\cas-api\0.0.1-SNAPSHOT\cas-api-0.0.1-SNAPSHOT.jar;D:\mavenJar\com\alibaba\boot\dubbo-spring-boot-starter\0.2.0\dubbo-spring-boot-starter-0.2.0.jar;D:\mavenJar\com\alibaba\dubbo\2.6.2\dubbo-2.6.2.jar;D:\mavenJar\org\springframework\spring-context\5.2.2.RELEASE\spring-context-5.2.2.RELEASE.jar;D:\mavenJar\org\springframework\spring-beans\5.2.2.RELEASE\spring-beans-5.2.2.RELEASE.jar;D:\mavenJar\org\springframework\spring-expression\5.2.2.RELEASE\spring-expression-5.2.2.RELEASE.jar;D:\mavenJar\org\javassist\javassist\3.20.0-GA\javassist-3.20.0-GA.jar;D:\mavenJar\org\jboss\netty\netty\3.2.5.Final\netty-3.2.5.Final.jar;D:\mavenJar\org\apache\zookeeper\zookeeper\3.4.9\zookeeper-3.4.9.jar;D:\mavenJar\jline\jline\0.9.94\jline-0.9.94.jar;D:\mavenJar\io\netty\netty\3.10.5.Final\netty-3.10.5.Final.jar;D:\mavenJar\org\apache\curator\curator-framework\2.12.0\curator-framework-2.12.0.jar;D:\mavenJar\org\apache\curator\curator-client\2.12.0\curator-client-2.12.0.jar;D:\mavenJar\com\google\guava\guava\16.0.1\guava-16.0.1.jar;D:\mavenJar\com\alibaba\boot\dubbo-spring-boot-autoconfigure\0.2.0\dubbo-spring-boot-autoconfigure-0.2.0.jar;D:\mavenJar\com\alibaba\easyexcel\2.1.6\easyexcel-2.1.6.jar;D:\mavenJar\org\apache\poi\poi\3.17\poi-3.17.jar;D:\mavenJar\commons-codec\commons-codec\1.13\commons-codec-1.13.jar;D:\mavenJar\org\apache\commons\commons-collections4\4.1\commons-collections4-4.1.jar;D:\mavenJar\org\apache\poi\poi-ooxml\3.17\poi-ooxml-3.17.jar;D:\mavenJar\org\apache\poi\poi-ooxml-schemas\3.17\poi-ooxml-schemas-3.17.jar;D:\mavenJar\org\apache\xmlbeans\xmlbeans\2.6.0\xmlbeans-2.6.0.jar;D:\mavenJar\stax\stax-api\1.0.1\stax-api-1.0.1.jar;D:\mavenJar\com\github\virtuald\curvesapi\1.04\curvesapi-1.04.jar;D:\mavenJar\cglib\cglib\3.1\cglib-3.1.jar;D:\mavenJar\org\ow2\asm\asm\4.2\asm-4.2.jar;D:\mavenJar\org\slf4j\slf4j-api\1.7.29\slf4j-api-1.7.29.jar;D:\mavenJar\org\ehcache\ehcache\3.8.1\ehcache-3.8.1.jar;D:\mavenJar\org\glassfish\jaxb\jaxb-runtime\2.3.2\jaxb-runtime-2.3.2.jar;D:\mavenJar\org\glassfish\jaxb\txw2\2.3.2\txw2-2.3.2.jar;D:\mavenJar\com\sun\istack\istack-commons-runtime\3.0.8\istack-commons-runtime-3.0.8.jar;D:\mavenJar\org\jvnet\staxex\stax-ex\1.8.1\stax-ex-1.8.1.jar;D:\mavenJar\com\sun\xml\fastinfoset\FastInfoset\1.2.16\FastInfoset-1.2.16.jar;D:\mavenJar\org\springframework\boot\spring-boot-starter-data-redis\2.2.3.RELEASE\spring-boot-starter-data-redis-2.2.3.RELEASE.jar;D:\mavenJar\org\springframework\data\spring-data-redis\2.2.3.RELEASE\spring-data-redis-2.2.3.RELEASE.jar;D:\mavenJar\org\springframework\data\spring-data-keyvalue\2.2.3.RELEASE\spring-data-keyvalue-2.2.3.RELEASE.jar;D:\mavenJar\org\springframework\data\spring-data-commons\2.2.3.RELEASE\spring-data-commons-2.2.3.RELEASE.jar;D:\mavenJar\org\springframework\spring-tx\5.2.2.RELEASE\spring-tx-5.2.2.RELEASE.jar;D:\mavenJar\org\springframework\spring-oxm\5.2.2.RELEASE\spring-oxm-5.2.2.RELEASE.jar;D:\mavenJar\org\springframework\spring-aop\5.2.2.RELEASE\spring-aop-5.2.2.RELEASE.jar;D:\mavenJar\org\springframework\spring-context-support\5.2.2.RELEASE\spring-context-support-5.2.2.RELEASE.jar;D:\mavenJar\io\lettuce\lettuce-core\5.2.1.RELEASE\lettuce-core-5.2.1.RELEASE.jar;D:\mavenJar\io\netty\netty-common\4.1.43.Final\netty-common-4.1.43.Final.jar;D:\mavenJar\io\netty\netty-handler\4.1.43.Final\netty-handler-4.1.43.Final.jar;D:\mavenJar\io\netty\netty-buffer\4.1.43.Final\netty-buffer-4.1.43.Final.jar;D:\mavenJar\io\netty\netty-codec\4.1.43.Final\netty-codec-4.1.43.Final.jar;D:\mavenJar\io\netty\netty-transport\4.1.43.Final\netty-transport-4.1.43.Final.jar;D:\mavenJar\io\netty\netty-resolver\4.1.43.Final\netty-resolver-4.1.43.Final.jar;D:\mavenJar\io\projectreactor\reactor-core\3.3.1.RELEASE\reactor-core-3.3.1.RELEASE.jar;D:\mavenJar\org\reactivestreams\reactive-streams\1.0.3\reactive-streams-1.0.3.jar;D:\mavenJar\com\squareup\okhttp3\okhttp\3.14.6\okhttp-3.14.6.jar;D:\mavenJar\com\squareup\okio\okio\1.17.2\okio-1.17.2.jar;D:\mavenJar\org\mybatis\spring\boot\mybatis-spring-boot-starter\2.1.1\mybatis-spring-boot-starter-2.1.1.jar;D:\mavenJar\org\springframework\boot\spring-boot-starter-jdbc\2.2.2.RELEASE\spring-boot-starter-jdbc-2.2.2.RELEASE.jar;D:\mavenJar\com\zaxxer\HikariCP\3.4.1\HikariCP-3.4.1.jar;D:\mavenJar\org\springframework\spring-jdbc\5.2.2.RELEASE\spring-jdbc-5.2.2.RELEASE.jar;D:\mavenJar\org\mybatis\spring\boot\mybatis-spring-boot-autoconfigure\2.1.1\mybatis-spring-boot-autoconfigure-2.1.1.jar;D:\mavenJar\org\mybatis\mybatis\3.5.3\mybatis-3.5.3.jar;D:\mavenJar\org\mybatis\mybatis-spring\2.0.3\mybatis-spring-2.0.3.jar;D:\mavenJar\mysql\mysql-connector-java\8.0.18\mysql-connector-java-8.0.18.jar;D:\mavenJar\com\google\protobuf\protobuf-java\3.6.1\protobuf-java-3.6.1.jar;D:\mavenJar\com\github\jsqlparser\jsqlparser\2.0\jsqlparser-2.0.jar;D:\mavenJar\org\projectlombok\lombok\1.18.10\lombok-1.18.10.jar;D:\mavenJar\org\apache\commons\commons-lang3\3.9\commons-lang3-3.9.jar;D:\mavenJar\org\springframework\boot\spring-boot-starter-test\2.2.2.RELEASE\spring-boot-starter-test-2.2.2.RELEASE.jar;D:\mavenJar\org\springframework\boot\spring-boot-test\2.2.2.RELEASE\spring-boot-test-2.2.2.RELEASE.jar;D:\mavenJar\org\springframework\boot\spring-boot-test-autoconfigure\2.2.2.RELEASE\spring-boot-test-autoconfigure-2.2.2.RELEASE.jar;D:\mavenJar\com\jayway\jsonpath\json-path\2.4.0\json-path-2.4.0.jar;D:\mavenJar\net\minidev\json-smart\2.3\json-smart-2.3.jar;D:\mavenJar\net\minidev\accessors-smart\1.2\accessors-smart-1.2.jar;D:\mavenJar\jakarta\xml\bind\jakarta.xml.bind-api\2.3.2\jakarta.xml.bind-api-2.3.2.jar;D:\mavenJar\jakarta\activation\jakarta.activation-api\1.2.1\jakarta.activation-api-1.2.1.jar;D:\mavenJar\org\junit\jupiter\junit-jupiter\5.5.2\junit-jupiter-5.5.2.jar;D:\mavenJar\org\junit\jupiter\junit-jupiter-api\5.5.2\junit-jupiter-api-5.5.2.jar;D:\mavenJar\org\apiguardian\apiguardian-api\1.1.0\apiguardian-api-1.1.0.jar;D:\mavenJar\org\opentest4j\opentest4j\1.2.0\opentest4j-1.2.0.jar;D:\mavenJar\org\junit\platform\junit-platform-commons\1.5.2\junit-platform-commons-1.5.2.jar;D:\mavenJar\org\junit\jupiter\junit-jupiter-params\5.5.2\junit-jupiter-params-5.5.2.jar;D:\mavenJar\org\junit\jupiter\junit-jupiter-engine\5.5.2\junit-jupiter-engine-5.5.2.jar;D:\mavenJar\org\junit\platform\junit-platform-engine\1.5.2\junit-platform-engine-1.5.2.jar;D:\mavenJar\org\mockito\mockito-junit-jupiter\3.1.0\mockito-junit-jupiter-3.1.0.jar;D:\mavenJar\org\assertj\assertj-core\3.13.2\assertj-core-3.13.2.jar;D:\mavenJar\org\hamcrest\hamcrest\2.1\hamcrest-2.1.jar;D:\mavenJar\org\mockito\mockito-core\3.1.0\mockito-core-3.1.0.jar;D:\mavenJar\net\bytebuddy\byte-buddy\1.10.4\byte-buddy-1.10.4.jar;D:\mavenJar\net\bytebuddy\byte-buddy-agent\1.10.4\byte-buddy-agent-1.10.4.jar;D:\mavenJar\org\objenesis\objenesis\2.6\objenesis-2.6.jar;D:\mavenJar\org\skyscreamer\jsonassert\1.5.0\jsonassert-1.5.0.jar;D:\mavenJar\com\vaadin\external\google\android-json\0.0.20131108.vaadin1\android-json-0.0.20131108.vaadin1.jar;D:\mavenJar\org\springframework\spring-core\5.2.2.RELEASE\spring-core-5.2.2.RELEASE.jar;D:\mavenJar\org\springframework\spring-jcl\5.2.2.RELEASE\spring-jcl-5.2.2.RELEASE.jar;D:\mavenJar\org\springframework\spring-test\5.2.2.RELEASE\spring-test-5.2.2.RELEASE.jar;D:\mavenJar\org\xmlunit\xmlunit-core\2.6.3\xmlunit-core-2.6.3.jar;D:\mavenJar\org\springframework\boot\spring-boot-starter\2.2.2.RELEASE\spring-boot-starter-2.2.2.RELEASE.jar;D:\mavenJar\org\springframework\boot\spring-boot\2.2.2.RELEASE\spring-boot-2.2.2.RELEASE.jar;D:\mavenJar\org\springframework\boot\spring-boot-autoconfigure\2.2.2.RELEASE\spring-boot-autoconfigure-2.2.2.RELEASE.jar;D:\mavenJar\org\springframework\boot\spring-boot-starter-logging\2.2.2.RELEASE\spring-boot-starter-logging-2.2.2.RELEASE.jar;D:\mavenJar\ch\qos\logback\logback-classic\1.2.3\logback-classic-1.2.3.jar;D:\mavenJar\ch\qos\logback\logback-core\1.2.3\logback-core-1.2.3.jar;D:\mavenJar\org\apache\logging\log4j\log4j-to-slf4j\2.12.1\log4j-to-slf4j-2.12.1.jar;D:\mavenJar\org\apache\logging\log4j\log4j-api\2.12.1\log4j-api-2.12.1.jar;D:\mavenJar\org\slf4j\jul-to-slf4j\1.7.29\jul-to-slf4j-1.7.29.jar;D:\mavenJar\jakarta\annotation\jakarta.annotation-api\1.3.5\jakarta.annotation-api-1.3.5.jar;D:\mavenJar\org\yaml\snakeyaml\1.25\snakeyaml-1.25.jar;D:\mavenJar\com\sso\sso-client\1.0-SNAPSHOT\sso-client-1.0-SNAPSHOT.jar;D:\mavenJar\com\sso\sso-core\1.0-SNAPSHOT\sso-core-1.0-SNAPSHOT.jar;D:\mavenJar\org\springframework\spring-webmvc\5.2.2.RELEASE\spring-webmvc-5.2.2.RELEASE.jar;D:\mavenJar\org\springframework\spring-web\5.2.2.RELEASE\spring-web-5.2.2.RELEASE.jar;D:\mavenJar\org\apache\tomcat\embed\tomcat-embed-core\9.0.29\tomcat-embed-core-9.0.29.jar;D:\mavenJar\org\apache\tomcat\tomcat-annotations-api\9.0.29\tomcat-annotations-api-9.0.29.jar;D:\mavenJar\redis\clients\jedis\3.1.0\jedis-3.1.0.jar;D:\mavenJar\org\apache\commons\commons-pool2\2.7.0\commons-pool2-2.7.0.jar;D:\mavenJar\com\alibaba\fastjson\1.2.61\fastjson-1.2.61.jar;D:\mavenJar\org\hibernate\validator\hibernate-validator\6.0.16.Final\hibernate-validator-6.0.16.Final.jar;D:\mavenJar\javax\validation\validation-api\2.0.1.Final\validation-api-2.0.1.Final.jar;D:\mavenJar\org\jboss\logging\jboss-logging\3.4.1.Final\jboss-logging-3.4.1.Final.jar;D:\mavenJar\com\fasterxml\classmate\1.5.1\classmate-1.5.1.jar;"/>
    <property name="sun.cpu.endian" value="little"/>
    <property name="user.home" value="C:\Users\59133"/>
    <property name="user.language" value="zh"/>
    <property name="java.specification.vendor" value="Oracle Corporation"/>
    <property name="java.home" value="C:\Program Files\Java\jdk1.8.0_162\jre"/>
    <property name="basedir" value="D:\data\ysx-cas\cas-core"/>
    <property name="file.separator" value="\"/>
    <property name="line.separator" value="&#10;"/>
    <property name="java.vm.specification.vendor" value="Oracle Corporation"/>
    <property name="java.specification.name" value="Java Platform API Specification"/>
    <property name="java.awt.graphicsenv" value="sun.awt.Win32GraphicsEnvironment"/>
    <property name="surefire.real.class.path" value="C:\Users\59133\AppData\Local\Temp\surefire1327176261391776863\surefirebooter2784557504365022845.jar"/>
    <property name="sun.boot.class.path" value="C:\Program Files\Java\jdk1.8.0_162\jre\lib\resources.jar;C:\Program Files\Java\jdk1.8.0_162\jre\lib\rt.jar;C:\Program Files\Java\jdk1.8.0_162\jre\lib\sunrsasign.jar;C:\Program Files\Java\jdk1.8.0_162\jre\lib\jsse.jar;C:\Program Files\Java\jdk1.8.0_162\jre\lib\jce.jar;C:\Program Files\Java\jdk1.8.0_162\jre\lib\charsets.jar;C:\Program Files\Java\jdk1.8.0_162\jre\lib\jfr.jar;C:\Program Files\Java\jdk1.8.0_162\jre\classes"/>
    <property name="user.script" value=""/>
    <property name="sun.management.compiler" value="HotSpot 64-Bit Tiered Compilers"/>
    <property name="java.runtime.version" value="1.8.0_162-b12"/>
    <property name="user.name" value="59133"/>
    <property name="path.separator" value=";"/>
    <property name="os.version" value="10.0"/>
    <property name="java.endorsed.dirs" value="C:\Program Files\Java\jdk1.8.0_162\jre\lib\endorsed"/>
    <property name="java.runtime.name" value="Java(TM) SE Runtime Environment"/>
    <property name="file.encoding" value="GBK"/>
    <property name="java.vm.name" value="Java HotSpot(TM) 64-Bit Server VM"/>
    <property name="localRepository" value="D:\mavenJar"/>
    <property name="java.vendor.url.bug" value="http://bugreport.sun.com/bugreport/"/>
    <property name="java.io.tmpdir" value="C:\Users\59133\AppData\Local\Temp\"/>
    <property name="idea.version" value="2018.3.6"/>
    <property name="java.version" value="1.8.0_162"/>
    <property name="user.dir" value="D:\data\ysx-cas\cas-core"/>
    <property name="os.arch" value="amd64"/>
    <property name="java.vm.specification.name" value="Java Virtual Machine Specification"/>
    <property name="java.awt.printerjob" value="sun.awt.windows.WPrinterJob"/>
    <property name="sun.os.patch.level" value=""/>
    <property name="java.library.path" value="C:\Program Files\Java\jdk1.8.0_162\jre\bin;C:\WINDOWS\Sun\Java\bin;C:\WINDOWS\system32;C:\WINDOWS;C:\Program Files (x86)\NetSarang\Xshell 6\;C:\ProgramData\Oracle\Java\javapath;C:\Program Files (x86)\Intel\Intel(R) Management Engine Components\iCLS\;C:\Program Files\Intel\Intel(R) Management Engine Components\iCLS\;C:\Windows\system32;C:\Windows;C:\Windows\System32\Wbem;C:\Windows\System32\WindowsPowerShell\v1.0\;C:\Program Files (x86)\NVIDIA Corporation\PhysX\Common;C:\Program Files (x86)\Intel\Intel(R) Management Engine Components\DAL;C:\Program Files\Intel\Intel(R) Management Engine Components\DAL;C:\Program Files (x86)\Intel\Intel(R) Management Engine Components\IPT;C:\Program Files\Intel\Intel(R) Management Engine Components\IPT;C:\Program Files\Intel\WiFi\bin\;C:\Program Files\Common Files\Intel\WirelessCommon\;E:\Program Files\TortoiseSVN\bin;C:\WINDOWS\system32;C:\WINDOWS;C:\WINDOWS\System32\Wbem;C:\WINDOWS\System32\WindowsPowerShell\v1.0\;C:\WINDOWS\System32\OpenSSH\;D:\Program Files\TortoiseGit\bin;C:\Program Files\Git\cmd;C:\Program Files\OpenVPN\bin;%SystemRoot%\system32;%SystemRoot%;%SystemRoot%\System32\Wbem;%SYSTEMROOT%\System32\WindowsPowerShell\v1.0\;%SYSTEMROOT%\System32\OpenSSH\;C:\Users\59133\AppData\Local\Microsoft\WindowsApps;%USERPROFILE%\AppData\Local\Microsoft\WindowsApps;C:\Users\59133\AppData\Local\BypassRuntm;."/>
    <property name="java.vm.info" value="mixed mode"/>
    <property name="java.vendor" value="Oracle Corporation"/>
    <property name="java.vm.version" value="25.162-b12"/>
    <property name="java.ext.dirs" value="C:\Program Files\Java\jdk1.8.0_162\jre\lib\ext;C:\WINDOWS\Sun\Java\lib\ext"/>
    <property name="sun.io.unicode.encoding" value="UnicodeLittle"/>
    <property name="maven.repo.local" value="D:\mavenJar"/>
    <property name="java.class.version" value="52.0"/>
  </properties>
  <testcase name="shouldAnswerWithTrue" classname="com.ysx.crm.service.CrmServiceApplicationTests" time="0.015"/>
</testsuite>